/home/hexpodmlc/anaconda3/lib/python3.6/site-packages/torch/tensor.py:287: UserWarning: non-inplace resize is deprecated
  warnings.warn("non-inplace resize is deprecated")
DATASET loaded : ../Reconstruction/data//dogs_train_r32.pickle
DATASET loaded : ../Reconstruction/data//dogs_eval_r32.pickle
Epoch: [0][0/965]	Time 0.023 (0.023)	Data 0.005 (0.005)	Loss 5.3828 (5.3828)	Prec@1 0.000 (0.000)	Prec@5 0.000 (0.000)
Epoch: [0][400/965]	Time 0.009 (0.010)	Data 0.003 (0.003)	Loss 4.7434 (4.8974)	Prec@1 6.250 (3.398)	Prec@5 18.750 (13.887)
Epoch: [0][800/965]	Time 0.007 (0.009)	Data 0.003 (0.003)	Loss 4.3058 (4.6238)	Prec@1 12.500 (4.760)	Prec@5 25.000 (18.024)
Test: [0/419]	Time 0.008 (0.008)	Loss 4.0748 (4.0748)	Prec@1 0.000 (0.000)	Prec@5 37.500 (37.500)
Test: [400/419]	Time 0.004 (0.005)	Loss 4.0436 (4.0734)	Prec@1 0.000 (9.149)	Prec@5 12.500 (27.541)
 * Prec@1 9.217 Prec@5 27.502
Epoch: [1][0/965]	Time 0.011 (0.011)	Data 0.003 (0.003)	Loss 3.7305 (3.7305)	Prec@1 0.000 (0.000)	Prec@5 56.250 (56.250)
Epoch: [1][400/965]	Time 0.009 (0.009)	Data 0.003 (0.003)	Loss 4.3378 (3.7950)	Prec@1 18.750 (12.406)	Prec@5 31.250 (34.585)
Epoch: [1][800/965]	Time 0.009 (0.009)	Data 0.003 (0.003)	Loss 3.3261 (3.7900)	Prec@1 25.000 (12.539)	Prec@5 50.000 (35.276)
Test: [0/419]	Time 0.006 (0.006)	Loss 3.4179 (3.4179)	Prec@1 12.500 (12.500)	Prec@5 43.750 (43.750)
Test: [400/419]	Time 0.005 (0.005)	Loss 4.3454 (3.9155)	Prec@1 12.500 (11.487)	Prec@5 12.500 (31.858)
 * Prec@1 11.533 Prec@5 31.879
Epoch: [2][0/965]	Time 0.010 (0.010)	Data 0.004 (0.004)	Loss 2.8066 (2.8066)	Prec@1 18.750 (18.750)	Prec@5 68.750 (68.750)
Epoch: [2][400/965]	Time 0.009 (0.010)	Data 0.003 (0.003)	Loss 3.6669 (3.2595)	Prec@1 25.000 (21.633)	Prec@5 31.250 (49.517)
Epoch: [2][800/965]	Time 0.011 (0.010)	Data 0.004 (0.003)	Loss 2.7618 (3.3164)	Prec@1 37.500 (20.841)	Prec@5 43.750 (48.182)
Test: [0/419]	Time 0.006 (0.006)	Loss 3.5585 (3.5585)	Prec@1 6.250 (6.250)	Prec@5 56.250 (56.250)
Test: [400/419]	Time 0.005 (0.005)	Loss 3.6446 (3.8178)	Prec@1 0.000 (13.700)	Prec@5 31.250 (36.612)
 * Prec@1 13.654 Prec@5 36.570
Epoch: [3][0/965]	Time 0.011 (0.011)	Data 0.003 (0.003)	Loss 2.1491 (2.1491)	Prec@1 37.500 (37.500)	Prec@5 75.000 (75.000)
Epoch: [3][400/965]	Time 0.010 (0.010)	Data 0.003 (0.003)	Loss 2.7144 (2.6710)	Prec@1 31.250 (33.463)	Prec@5 68.750 (63.794)
Epoch: [3][800/965]	Time 0.009 (0.010)	Data 0.002 (0.003)	Loss 3.6510 (2.8149)	Prec@1 25.000 (30.337)	Prec@5 43.750 (60.627)
Test: [0/419]	Time 0.008 (0.008)	Loss 4.2918 (4.2918)	Prec@1 0.000 (0.000)	Prec@5 37.500 (37.500)
Test: [400/419]	Time 0.005 (0.005)	Loss 3.8130 (4.0227)	Prec@1 6.250 (14.511)	Prec@5 31.250 (35.786)
 * Prec@1 14.416 Prec@5 35.704
Epoch: [4][0/965]	Time 0.011 (0.011)	Data 0.003 (0.003)	Loss 2.4781 (2.4781)	Prec@1 56.250 (56.250)	Prec@5 81.250 (81.250)
Epoch: [4][400/965]	Time 0.009 (0.010)	Data 0.003 (0.003)	Loss 2.4969 (1.9776)	Prec@1 43.750 (49.984)	Prec@5 68.750 (78.367)
Epoch: [4][800/965]	Time 0.009 (0.010)	Data 0.003 (0.003)	Loss 2.5535 (2.2001)	Prec@1 25.000 (43.586)	Prec@5 62.500 (73.970)
Test: [0/419]	Time 0.007 (0.007)	Loss 5.0463 (5.0463)	Prec@1 18.750 (18.750)	Prec@5 25.000 (25.000)
Test: [400/419]	Time 0.005 (0.005)	Loss 4.3322 (4.3565)	Prec@1 12.500 (14.059)	Prec@5 37.500 (35.786)
 * Prec@1 13.923 Prec@5 35.808
Epoch: [5][0/965]	Time 0.008 (0.008)	Data 0.003 (0.003)	Loss 0.9808 (0.9808)	Prec@1 75.000 (75.000)	Prec@5 81.250 (81.250)
Epoch: [5][400/965]	Time 0.011 (0.010)	Data 0.003 (0.003)	Loss 0.9310 (1.2225)	Prec@1 75.000 (67.067)	Prec@5 100.000 (90.305)
Epoch: [5][800/965]	Time 0.009 (0.009)	Data 0.002 (0.003)	Loss 1.5243 (1.4342)	Prec@1 43.750 (60.854)	Prec@5 81.250 (87.149)
Test: [0/419]	Time 0.007 (0.007)	Loss 5.5482 (5.5482)	Prec@1 6.250 (6.250)	Prec@5 50.000 (50.000)
Test: [400/419]	Time 0.005 (0.005)	Loss 5.8559 (4.9477)	Prec@1 12.500 (12.858)	Prec@5 25.000 (34.258)
 * Prec@1 12.892 Prec@5 34.269
Epoch: [6][0/965]	Time 0.011 (0.011)	Data 0.003 (0.003)	Loss 0.5218 (0.5218)	Prec@1 81.250 (81.250)	Prec@5 100.000 (100.000)
Epoch: [6][400/965]	Time 0.011 (0.010)	Data 0.003 (0.003)	Loss 0.6119 (0.7184)	Prec@1 87.500 (80.393)	Prec@5 93.750 (96.291)
Epoch: [6][800/965]	Time 0.016 (0.011)	Data 0.004 (0.003)	Loss 1.7879 (0.8474)	Prec@1 56.250 (76.935)	Prec@5 81.250 (95.053)
Test: [0/419]	Time 0.008 (0.008)	Loss 6.5326 (6.5326)	Prec@1 0.000 (0.000)	Prec@5 18.750 (18.750)
Test: [400/419]	Time 0.005 (0.007)	Loss 3.6166 (5.8177)	Prec@1 18.750 (12.469)	Prec@5 56.250 (32.357)
 * Prec@1 12.489 Prec@5 32.357
Epoch: [7][0/965]	Time 0.013 (0.013)	Data 0.004 (0.004)	Loss 0.5592 (0.5592)	Prec@1 87.500 (87.500)	Prec@5 93.750 (93.750)
Epoch: [7][400/965]	Time 0.009 (0.012)	Data 0.003 (0.003)	Loss 0.3937 (0.4309)	Prec@1 93.750 (87.734)	Prec@5 100.000 (98.504)
Epoch: [7][800/965]	Time 0.009 (0.012)	Data 0.003 (0.003)	Loss 0.3726 (0.4640)	Prec@1 93.750 (86.369)	Prec@5 100.000 (98.354)
Test: [0/419]	Time 0.008 (0.008)	Loss 5.7979 (5.7979)	Prec@1 12.500 (12.500)	Prec@5 31.250 (31.250)
Test: [400/419]	Time 0.012 (0.008)	Loss 6.8485 (6.4627)	Prec@1 18.750 (12.827)	Prec@5 37.500 (31.671)
 * Prec@1 12.728 Prec@5 31.581
Epoch: [8][0/965]	Time 0.017 (0.017)	Data 0.010 (0.010)	Loss 0.4767 (0.4767)	Prec@1 87.500 (87.500)	Prec@5 93.750 (93.750)
Epoch: [8][400/965]	Time 0.016 (0.012)	Data 0.003 (0.003)	Loss 0.3141 (0.2315)	Prec@1 87.500 (93.641)	Prec@5 100.000 (99.626)
Epoch: [8][800/965]	Time 0.011 (0.011)	Data 0.003 (0.003)	Loss 0.0482 (0.2564)	Prec@1 100.000 (92.837)	Prec@5 100.000 (99.501)
Test: [0/419]	Time 0.008 (0.008)	Loss 7.5092 (7.5092)	Prec@1 6.250 (6.250)	Prec@5 25.000 (25.000)
Test: [400/419]	Time 0.005 (0.005)	Loss 6.6905 (6.9043)	Prec@1 6.250 (12.391)	Prec@5 25.000 (31.936)
 * Prec@1 12.384 Prec@5 31.864
Epoch: [9][0/965]	Time 0.008 (0.008)	Data 0.003 (0.003)	Loss 0.0573 (0.0573)	Prec@1 100.000 (100.000)	Prec@5 100.000 (100.000)
Epoch: [9][400/965]	Time 0.010 (0.009)	Data 0.003 (0.003)	Loss 0.2135 (0.1131)	Prec@1 93.750 (97.350)	Prec@5 100.000 (99.938)
Epoch: [9][800/965]	Time 0.009 (0.009)	Data 0.003 (0.003)	Loss 0.3165 (0.1270)	Prec@1 87.500 (96.816)	Prec@5 100.000 (99.899)
Test: [0/419]	Time 0.006 (0.006)	Loss 5.8992 (5.8992)	Prec@1 18.750 (18.750)	Prec@5 43.750 (43.750)
Test: [400/419]	Time 0.005 (0.005)	Loss 6.6325 (6.9489)	Prec@1 6.250 (13.498)	Prec@5 31.250 (32.450)
 * Prec@1 13.460 Prec@5 32.626
Epoch: [10][0/965]	Time 0.011 (0.011)	Data 0.003 (0.003)	Loss 0.0683 (0.0683)	Prec@1 100.000 (100.000)	Prec@5 100.000 (100.000)
Epoch: [10][400/965]	Time 0.009 (0.009)	Data 0.002 (0.003)	Loss 0.0840 (0.0598)	Prec@1 93.750 (98.753)	Prec@5 100.000 (99.953)
Epoch: [10][800/965]	Time 0.011 (0.009)	Data 0.003 (0.003)	Loss 0.0233 (0.0693)	Prec@1 100.000 (98.556)	Prec@5 100.000 (99.930)
Test: [0/419]	Time 0.006 (0.006)	Loss 7.0469 (7.0469)	Prec@1 18.750 (18.750)	Prec@5 31.250 (31.250)
Test: [400/419]	Time 0.005 (0.005)	Loss 8.7329 (7.0946)	Prec@1 12.500 (13.201)	Prec@5 18.750 (32.700)
 * Prec@1 13.251 Prec@5 32.731
Epoch: [11][0/965]	Time 0.009 (0.009)	Data 0.003 (0.003)	Loss 0.0738 (0.0738)	Prec@1 100.000 (100.000)	Prec@5 100.000 (100.000)
Epoch: [11][400/965]	Time 0.013 (0.011)	Data 0.003 (0.003)	Loss 0.0030 (0.0310)	Prec@1 100.000 (99.564)	Prec@5 100.000 (99.984)
Epoch: [11][800/965]	Time 0.009 (0.012)	Data 0.003 (0.003)	Loss 0.0306 (0.0387)	Prec@1 100.000 (99.446)	Prec@5 100.000 (99.945)
Test: [0/419]	Time 0.005 (0.005)	Loss 8.4432 (8.4432)	Prec@1 12.500 (12.500)	Prec@5 43.750 (43.750)
Test: [400/419]	Time 0.010 (0.007)	Loss 8.7139 (7.0284)	Prec@1 6.250 (13.794)	Prec@5 12.500 (33.292)
 * Prec@1 13.759 Prec@5 33.254
Epoch: [12][0/965]	Time 0.016 (0.016)	Data 0.004 (0.004)	Loss 0.5731 (0.5731)	Prec@1 93.750 (93.750)	Prec@5 93.750 (93.750)
Epoch: [12][400/965]	Time 0.012 (0.014)	Data 0.003 (0.003)	Loss 0.0068 (0.0206)	Prec@1 100.000 (99.688)	Prec@5 100.000 (99.922)
Epoch: [12][800/965]	Time 0.013 (0.013)	Data 0.003 (0.003)	Loss 0.0289 (0.0174)	Prec@1 100.000 (99.727)	Prec@5 100.000 (99.961)
Test: [0/419]	Time 0.008 (0.008)	Loss 6.6516 (6.6516)	Prec@1 12.500 (12.500)	Prec@5 31.250 (31.250)
Test: [400/419]	Time 0.009 (0.007)	Loss 7.4628 (6.9053)	Prec@1 12.500 (13.794)	Prec@5 31.250 (33.198)
 * Prec@1 13.714 Prec@5 33.119
