Epoch: [0][0/965]	Time 0.032 (0.032)	Data 0.010 (0.010)	Loss 6.2061 (6.2061)	Prec@1 0.000 (0.000)	Prec@5 0.000 (0.000)
Epoch: [0][400/965]	Time 0.012 (0.013)	Data 0.007 (0.007)	Loss 4.1893 (5.5903)	Prec@1 6.250 (3.709)	Prec@5 18.750 (13.295)
Epoch: [0][800/965]	Time 0.016 (0.013)	Data 0.009 (0.007)	Loss 4.0085 (4.9289)	Prec@1 0.000 (5.165)	Prec@5 25.000 (18.048)
Test: [0/419]	Time 0.012 (0.012)	Loss 4.0457 (4.0457)	Prec@1 6.250 (6.250)	Prec@5 37.500 (37.500)
Test: [400/419]	Time 0.012 (0.014)	Loss 4.3448 (4.1479)	Prec@1 0.000 (8.074)	Prec@5 18.750 (26.512)
 * Prec@1 8.097 Prec@5 26.531
Epoch: [1][0/965]	Time 0.028 (0.028)	Data 0.018 (0.018)	Loss 3.5243 (3.5243)	Prec@1 12.500 (12.500)	Prec@5 43.750 (43.750)
Epoch: [1][400/965]	Time 0.013 (0.016)	Data 0.007 (0.009)	Loss 3.5222 (3.7953)	Prec@1 12.500 (13.466)	Prec@5 43.750 (36.206)
Epoch: [1][800/965]	Time 0.013 (0.016)	Data 0.007 (0.009)	Loss 4.0970 (3.7781)	Prec@1 18.750 (13.787)	Prec@5 31.250 (36.532)
Test: [0/419]	Time 0.013 (0.013)	Loss 4.0249 (4.0249)	Prec@1 12.500 (12.500)	Prec@5 37.500 (37.500)
Test: [400/419]	Time 0.009 (0.009)	Loss 3.8922 (3.8253)	Prec@1 12.500 (13.310)	Prec@5 25.000 (34.352)
 * Prec@1 13.206 Prec@5 34.135
Epoch: [2][0/965]	Time 0.015 (0.015)	Data 0.008 (0.008)	Loss 2.8243 (2.8243)	Prec@1 37.500 (37.500)	Prec@5 50.000 (50.000)
Epoch: [2][400/965]	Time 0.013 (0.014)	Data 0.006 (0.008)	Loss 3.6722 (3.3160)	Prec@1 25.000 (21.789)	Prec@5 50.000 (48.956)
Epoch: [2][800/965]	Time 0.013 (0.013)	Data 0.007 (0.007)	Loss 3.7153 (3.3467)	Prec@1 6.250 (21.317)	Prec@5 43.750 (48.135)
Test: [0/419]	Time 0.012 (0.012)	Loss 3.6467 (3.6467)	Prec@1 18.750 (18.750)	Prec@5 37.500 (37.500)
Test: [400/419]	Time 0.016 (0.015)	Loss 3.1143 (3.7012)	Prec@1 18.750 (15.898)	Prec@5 43.750 (39.246)
 * Prec@1 15.775 Prec@5 39.125
Epoch: [3][0/965]	Time 0.030 (0.030)	Data 0.010 (0.010)	Loss 2.2068 (2.2068)	Prec@1 43.750 (43.750)	Prec@5 75.000 (75.000)
Epoch: [3][400/965]	Time 0.013 (0.013)	Data 0.007 (0.007)	Loss 2.9106 (2.8708)	Prec@1 31.250 (29.567)	Prec@5 56.250 (59.570)
Epoch: [3][800/965]	Time 0.012 (0.013)	Data 0.007 (0.007)	Loss 2.7751 (2.9224)	Prec@1 25.000 (28.784)	Prec@5 50.000 (58.482)
Test: [0/419]	Time 0.009 (0.009)	Loss 3.9487 (3.9487)	Prec@1 12.500 (12.500)	Prec@5 31.250 (31.250)
Test: [400/419]	Time 0.009 (0.009)	Loss 3.0725 (3.6658)	Prec@1 25.000 (17.690)	Prec@5 50.000 (41.552)
 * Prec@1 17.658 Prec@5 41.694
Epoch: [4][0/965]	Time 0.014 (0.014)	Data 0.007 (0.007)	Loss 2.3658 (2.3658)	Prec@1 43.750 (43.750)	Prec@5 75.000 (75.000)
Epoch: [4][400/965]	Time 0.011 (0.012)	Data 0.006 (0.006)	Loss 2.6136 (2.3646)	Prec@1 50.000 (40.851)	Prec@5 68.750 (70.558)
Epoch: [4][800/965]	Time 0.012 (0.012)	Data 0.006 (0.006)	Loss 2.6462 (2.4876)	Prec@1 43.750 (37.906)	Prec@5 62.500 (67.782)
Test: [0/419]	Time 0.008 (0.008)	Loss 3.8983 (3.8983)	Prec@1 25.000 (25.000)	Prec@5 43.750 (43.750)
Test: [400/419]	Time 0.008 (0.008)	Loss 3.6712 (3.7537)	Prec@1 6.250 (18.672)	Prec@5 43.750 (43.360)
 * Prec@1 18.793 Prec@5 43.233
Epoch: [5][0/965]	Time 0.013 (0.013)	Data 0.007 (0.007)	Loss 2.0777 (2.0777)	Prec@1 43.750 (43.750)	Prec@5 81.250 (81.250)
Epoch: [5][400/965]	Time 0.014 (0.014)	Data 0.009 (0.008)	Loss 2.2412 (1.8737)	Prec@1 43.750 (50.826)	Prec@5 75.000 (80.330)
Epoch: [5][800/965]	Time 0.020 (0.016)	Data 0.009 (0.008)	Loss 2.3171 (2.0320)	Prec@1 43.750 (47.027)	Prec@5 68.750 (77.177)
Test: [0/419]	Time 0.018 (0.018)	Loss 3.4238 (3.4238)	Prec@1 12.500 (12.500)	Prec@5 68.750 (68.750)
Test: [400/419]	Time 0.013 (0.017)	Loss 3.7599 (4.1598)	Prec@1 18.750 (15.991)	Prec@5 62.500 (40.165)
 * Prec@1 15.955 Prec@5 40.215
Epoch: [6][0/965]	Time 0.027 (0.027)	Data 0.014 (0.014)	Loss 1.2919 (1.2919)	Prec@1 75.000 (75.000)	Prec@5 87.500 (87.500)
Epoch: [6][400/965]	Time 0.014 (0.018)	Data 0.009 (0.009)	Loss 2.0114 (1.3497)	Prec@1 50.000 (64.137)	Prec@5 75.000 (87.936)
Epoch: [6][800/965]	Time 0.014 (0.018)	Data 0.009 (0.009)	Loss 2.0670 (1.5512)	Prec@1 43.750 (59.090)	Prec@5 68.750 (85.050)
Test: [0/419]	Time 0.012 (0.012)	Loss 3.8650 (3.8650)	Prec@1 12.500 (12.500)	Prec@5 50.000 (50.000)
Test: [400/419]	Time 0.009 (0.010)	Loss 5.2737 (4.3144)	Prec@1 12.500 (17.893)	Prec@5 37.500 (41.911)
 * Prec@1 17.867 Prec@5 41.948
Epoch: [7][0/965]	Time 0.014 (0.014)	Data 0.007 (0.007)	Loss 1.0878 (1.0878)	Prec@1 75.000 (75.000)	Prec@5 93.750 (93.750)
Epoch: [7][400/965]	Time 0.012 (0.014)	Data 0.007 (0.008)	Loss 0.9138 (0.9035)	Prec@1 62.500 (74.330)	Prec@5 93.750 (94.498)
Epoch: [7][800/965]	Time 0.012 (0.013)	Data 0.006 (0.007)	Loss 1.0339 (1.0989)	Prec@1 68.750 (69.140)	Prec@5 93.750 (91.924)
Test: [0/419]	Time 0.009 (0.009)	Loss 3.8051 (3.8051)	Prec@1 12.500 (12.500)	Prec@5 68.750 (68.750)
Test: [400/419]	Time 0.009 (0.009)	Loss 4.5558 (4.9238)	Prec@1 25.000 (17.768)	Prec@5 43.750 (41.319)
 * Prec@1 17.747 Prec@5 41.336
Epoch: [8][0/965]	Time 0.014 (0.014)	Data 0.007 (0.007)	Loss 0.4012 (0.4012)	Prec@1 87.500 (87.500)	Prec@5 100.000 (100.000)
Epoch: [8][400/965]	Time 0.012 (0.012)	Data 0.006 (0.006)	Loss 0.9441 (0.6023)	Prec@1 68.750 (82.606)	Prec@5 100.000 (97.226)
Epoch: [8][800/965]	Time 0.012 (0.012)	Data 0.006 (0.006)	Loss 1.5633 (0.7610)	Prec@1 68.750 (77.684)	Prec@5 81.250 (96.013)
Test: [0/419]	Time 0.009 (0.009)	Loss 3.9939 (3.9939)	Prec@1 18.750 (18.750)	Prec@5 56.250 (56.250)
Test: [400/419]	Time 0.012 (0.013)	Loss 5.7252 (5.6317)	Prec@1 12.500 (17.129)	Prec@5 31.250 (39.479)
 * Prec@1 17.239 Prec@5 39.603
Epoch: [9][0/965]	Time 0.020 (0.020)	Data 0.009 (0.009)	Loss 0.2617 (0.2617)	Prec@1 87.500 (87.500)	Prec@5 100.000 (100.000)
Epoch: [9][400/965]	Time 0.015 (0.017)	Data 0.009 (0.009)	Loss 0.5481 (0.4447)	Prec@1 75.000 (86.767)	Prec@5 100.000 (98.535)
Epoch: [9][800/965]	Time 0.012 (0.015)	Data 0.006 (0.008)	Loss 0.3712 (0.5229)	Prec@1 81.250 (84.340)	Prec@5 100.000 (98.026)
Test: [0/419]	Time 0.009 (0.009)	Loss 5.5712 (5.5712)	Prec@1 18.750 (18.750)	Prec@5 43.750 (43.750)
Test: [400/419]	Time 0.009 (0.009)	Loss 5.4604 (6.2148)	Prec@1 31.250 (17.503)	Prec@5 37.500 (40.274)
 * Prec@1 17.523 Prec@5 40.320
Epoch: [10][0/965]	Time 0.013 (0.013)	Data 0.007 (0.007)	Loss 0.6244 (0.6244)	Prec@1 81.250 (81.250)	Prec@5 100.000 (100.000)
Epoch: [10][400/965]	Time 0.012 (0.012)	Data 0.006 (0.006)	Loss 0.3793 (0.3537)	Prec@1 87.500 (89.043)	Prec@5 100.000 (99.049)
Epoch: [10][800/965]	Time 0.012 (0.012)	Data 0.006 (0.006)	Loss 0.9767 (0.4245)	Prec@1 68.750 (87.024)	Prec@5 93.750 (98.689)
Test: [0/419]	Time 0.008 (0.008)	Loss 6.6258 (6.6258)	Prec@1 12.500 (12.500)	Prec@5 37.500 (37.500)
Test: [400/419]	Time 0.008 (0.008)	Loss 5.8657 (6.7136)	Prec@1 18.750 (17.285)	Prec@5 37.500 (40.415)
 * Prec@1 17.299 Prec@5 40.305
Epoch: [11][0/965]	Time 0.013 (0.013)	Data 0.006 (0.006)	Loss 0.1455 (0.1455)	Prec@1 93.750 (93.750)	Prec@5 100.000 (100.000)
Epoch: [11][400/965]	Time 0.012 (0.012)	Data 0.006 (0.006)	Loss 0.2789 (0.2748)	Prec@1 93.750 (91.474)	Prec@5 100.000 (99.330)
Epoch: [11][800/965]	Time 0.017 (0.014)	Data 0.009 (0.007)	Loss 1.2245 (0.2990)	Prec@1 81.250 (90.902)	Prec@5 93.750 (99.228)
Test: [0/419]	Time 0.011 (0.011)	Loss 8.1607 (8.1607)	Prec@1 6.250 (6.250)	Prec@5 37.500 (37.500)
Test: [400/419]	Time 0.009 (0.008)	Loss 5.2330 (7.0415)	Prec@1 37.500 (16.552)	Prec@5 50.000 (37.968)
 * Prec@1 16.448 Prec@5 37.855
Epoch: [12][0/965]	Time 0.013 (0.013)	Data 0.007 (0.007)	Loss 0.5463 (0.5463)	Prec@1 87.500 (87.500)	Prec@5 100.000 (100.000)
Epoch: [12][400/965]	Time 0.011 (0.012)	Data 0.006 (0.006)	Loss 0.6999 (0.2092)	Prec@1 87.500 (93.547)	Prec@5 93.750 (99.642)
Epoch: [12][800/965]	Time 0.012 (0.012)	Data 0.006 (0.006)	Loss 0.1039 (0.2462)	Prec@1 93.750 (92.642)	Prec@5 100.000 (99.524)
Test: [0/419]	Time 0.009 (0.009)	Loss 7.1513 (7.1513)	Prec@1 25.000 (25.000)	Prec@5 43.750 (43.750)
Test: [400/419]	Time 0.009 (0.009)	Loss 9.6113 (7.3009)	Prec@1 6.250 (16.646)	Prec@5 18.750 (39.324)
 * Prec@1 16.687 Prec@5 39.319
Epoch: [13][0/965]	Time 0.012 (0.012)	Data 0.006 (0.006)	Loss 0.4226 (0.4226)	Prec@1 81.250 (81.250)	Prec@5 100.000 (100.000)
Epoch: [13][400/965]	Time 0.011 (0.011)	Data 0.006 (0.006)	Loss 0.0428 (0.1801)	Prec@1 100.000 (94.467)	Prec@5 100.000 (99.719)
Epoch: [13][800/965]	Time 0.011 (0.011)	Data 0.006 (0.006)	Loss 0.1971 (0.2006)	Prec@1 93.750 (93.859)	Prec@5 100.000 (99.703)
Test: [0/419]	Time 0.009 (0.009)	Loss 7.5251 (7.5251)	Prec@1 12.500 (12.500)	Prec@5 31.250 (31.250)
Test: [400/419]	Time 0.011 (0.009)	Loss 7.1185 (7.7273)	Prec@1 12.500 (17.456)	Prec@5 43.750 (39.557)
 * Prec@1 17.448 Prec@5 39.498
Epoch: [14][0/965]	Time 0.019 (0.019)	Data 0.009 (0.009)	Loss 0.0265 (0.0265)	Prec@1 100.000 (100.000)	Prec@5 100.000 (100.000)
Epoch: [14][400/965]	Time 0.015 (0.016)	Data 0.008 (0.008)	Loss 0.3200 (0.1597)	Prec@1 87.500 (95.200)	Prec@5 93.750 (99.797)
Epoch: [14][800/965]	Time 0.014 (0.017)	Data 0.009 (0.009)	Loss 0.1281 (0.1662)	Prec@1 93.750 (94.983)	Prec@5 100.000 (99.735)
Test: [0/419]	Time 0.011 (0.011)	Loss 9.7464 (9.7464)	Prec@1 6.250 (6.250)	Prec@5 6.250 (6.250)
Test: [400/419]	Time 0.015 (0.013)	Loss 8.0210 (7.8017)	Prec@1 18.750 (17.877)	Prec@5 43.750 (39.744)
 * Prec@1 17.882 Prec@5 39.692
Epoch: [15][0/965]	Time 0.015 (0.015)	Data 0.009 (0.009)	Loss 0.1210 (0.1210)	Prec@1 93.750 (93.750)	Prec@5 100.000 (100.000)
Epoch: [15][400/965]	Time 0.016 (0.016)	Data 0.009 (0.009)	Loss 0.3658 (0.1617)	Prec@1 93.750 (95.184)	Prec@5 93.750 (99.751)
Epoch: [15][800/965]	Time 0.016 (0.017)	Data 0.009 (0.009)	Loss 0.4777 (0.1659)	Prec@1 87.500 (94.983)	Prec@5 100.000 (99.774)
Test: [0/419]	Time 0.011 (0.011)	Loss 12.1720 (12.1720)	Prec@1 12.500 (12.500)	Prec@5 25.000 (25.000)
Test: [400/419]	Time 0.009 (0.009)	Loss 6.8241 (8.0762)	Prec@1 12.500 (16.568)	Prec@5 50.000 (39.526)
 * Prec@1 16.537 Prec@5 39.528
Epoch: [16][0/965]	Time 0.013 (0.013)	Data 0.007 (0.007)	Loss 0.2959 (0.2959)	Prec@1 87.500 (87.500)	Prec@5 100.000 (100.000)
Epoch: [16][400/965]	Time 0.012 (0.012)	Data 0.006 (0.006)	Loss 0.0560 (0.1398)	Prec@1 100.000 (95.449)	Prec@5 100.000 (99.829)
Epoch: [16][800/965]	Time 0.011 (0.012)	Data 0.006 (0.006)	Loss 0.0664 (0.1481)	Prec@1 100.000 (95.420)	Prec@5 100.000 (99.821)
Test: [0/419]	Time 0.009 (0.009)	Loss 7.9477 (7.9477)	Prec@1 12.500 (12.500)	Prec@5 25.000 (25.000)
Test: [400/419]	Time 0.009 (0.009)	Loss 6.7115 (8.0901)	Prec@1 31.250 (17.300)	Prec@5 43.750 (40.695)
 * Prec@1 17.209 Prec@5 40.544
Epoch: [17][0/965]	Time 0.012 (0.012)	Data 0.006 (0.006)	Loss 0.0704 (0.0704)	Prec@1 100.000 (100.000)	Prec@5 100.000 (100.000)
Epoch: [17][400/965]	Time 0.011 (0.012)	Data 0.005 (0.006)	Loss 0.0958 (0.1125)	Prec@1 100.000 (96.462)	Prec@5 100.000 (99.860)
Epoch: [17][800/965]	Time 0.012 (0.012)	Data 0.006 (0.006)	Loss 0.0441 (0.1288)	Prec@1 100.000 (96.223)	Prec@5 100.000 (99.828)
Test: [0/419]	Time 0.009 (0.009)	Loss 8.3226 (8.3226)	Prec@1 25.000 (25.000)	Prec@5 37.500 (37.500)
Test: [400/419]	Time 0.011 (0.010)	Loss 9.1183 (8.4244)	Prec@1 18.750 (17.269)	Prec@5 37.500 (38.747)
 * Prec@1 17.448 Prec@5 38.781
Epoch: [18][0/965]	Time 0.027 (0.027)	Data 0.013 (0.013)	Loss 0.1242 (0.1242)	Prec@1 93.750 (93.750)	Prec@5 100.000 (100.000)
Epoch: [18][400/965]	Time 0.012 (0.018)	Data 0.006 (0.008)	Loss 0.2347 (0.0995)	Prec@1 93.750 (96.836)	Prec@5 100.000 (99.860)
Epoch: [18][800/965]	Time 0.012 (0.015)	Data 0.006 (0.007)	Loss 0.0590 (0.1166)	Prec@1 100.000 (96.387)	Prec@5 100.000 (99.844)
Test: [0/419]	Time 0.008 (0.008)	Loss 6.1412 (6.1412)	Prec@1 25.000 (25.000)	Prec@5 43.750 (43.750)
Test: [400/419]	Time 0.008 (0.008)	Loss 11.3605 (8.5806)	Prec@1 12.500 (16.708)	Prec@5 18.750 (39.074)
 * Prec@1 16.761 Prec@5 39.154
Epoch: [19][0/965]	Time 0.013 (0.013)	Data 0.006 (0.006)	Loss 0.0938 (0.0938)	Prec@1 93.750 (93.750)	Prec@5 100.000 (100.000)
Epoch: [19][400/965]	Time 0.012 (0.012)	Data 0.006 (0.006)	Loss 0.1489 (0.1058)	Prec@1 93.750 (97.397)	Prec@5 100.000 (99.860)
Epoch: [19][800/965]	Time 0.011 (0.012)	Data 0.006 (0.006)	Loss 0.0701 (0.1116)	Prec@1 93.750 (96.902)	Prec@5 100.000 (99.844)
Test: [0/419]	Time 0.008 (0.008)	Loss 10.0436 (10.0436)	Prec@1 18.750 (18.750)	Prec@5 37.500 (37.500)
Test: [400/419]	Time 0.008 (0.008)	Loss 7.0194 (8.4690)	Prec@1 12.500 (17.550)	Prec@5 37.500 (39.137)
 * Prec@1 17.523 Prec@5 39.035
